>>> Warning 201 "E:\PROYECTOS\VEGA_BILLETERO\IGAME_DE_VEGA\ID024.h" Line 304(1,1): Assignment inside relational expression
>>> Warning 201 "E:\PROYECTOS\VEGA_BILLETERO\IGAME_DE_VEGA\ID024.h" Line 305(1,1): Assignment inside relational expression
>>> Warning 201 "E:\PROYECTOS\VEGA_BILLETERO\IGAME_DE_VEGA\ID024.h" Line 311(1,1): Assignment inside relational expression
>>> Warning 201 "E:\PROYECTOS\VEGA_BILLETERO\IGAME_DE_VEGA\ID024.h" Line 312(1,1): Assignment inside relational expression
>>> Warning 201 "E:\PROYECTOS\VEGA_BILLETERO\IGAME_DE_VEGA\ID024.h" Line 318(1,1): Assignment inside relational expression
>>> Warning 201 "E:\PROYECTOS\VEGA_BILLETERO\IGAME_DE_VEGA\ID024.h" Line 319(1,1): Assignment inside relational expression
>>> Warning 201 "E:\PROYECTOS\VEGA_BILLETERO\IGAME_DE_VEGA\ID024.h" Line 325(1,1): Assignment inside relational expression
>>> Warning 201 "E:\PROYECTOS\VEGA_BILLETERO\IGAME_DE_VEGA\ID024.h" Line 326(1,1): Assignment inside relational expression
>>> Warning 201 "E:\PROYECTOS\VEGA_BILLETERO\IGAME_DE_VEGA\ID024.h" Line 332(1,1): Assignment inside relational expression
>>> Warning 201 "E:\PROYECTOS\VEGA_BILLETERO\IGAME_DE_VEGA\ID024.h" Line 333(1,1): Assignment inside relational expression
>>> Warning 207 "E:\PROYECTOS\VEGA_BILLETERO\IGAME_DE_VEGA\ID003.h" Line 86(1,1): Code has no effect
>>> Warning 203 "TRAINING_4.c" Line 20(1,1): Condition always TRUE
>>> Warning 201 "TRAINING_4.c" Line 95(1,1): Assignment inside relational expression
>>> Warning 203 "TRAINING_4.c" Line 175(1,1): Condition always TRUE
>>> Warning 202 "E:\PROYECTOS\VEGA_BILLETERO\IGAME_DE_VEGA\RAM_PORTS.h" Line 55(7,24): Variable never used:   ARGUMENTO_A_ID003
>>> Warning 202 "E:\PROYECTOS\VEGA_BILLETERO\IGAME_DE_VEGA\RAM_PORTS.h" Line 56(7,23): Variable never used:   COMMANDO_A_ID024
>>> Warning 202 "E:\PROYECTOS\VEGA_BILLETERO\IGAME_DE_VEGA\RAM_PORTS.h" Line 57(7,24): Variable never used:   ARGUMENTO_A_ID024
>>> Warning 202 "E:\PROYECTOS\VEGA_BILLETERO\IGAME_DE_VEGA\RAM_PORTS.h" Line 60(6,12): Variable never used:   FLAGET
>>> Warning 202 "E:\PROYECTOS\VEGA_BILLETERO\IGAME_DE_VEGA\RAM_PORTS.h" Line 61(6,11): Variable never used:   DOSIF
>>> Warning 202 "E:\PROYECTOS\VEGA_BILLETERO\IGAME_DE_VEGA\RAM_PORTS.h" Line 70(8,18): Variable never used:   CARGA_UTIL
>>> Warning 202 "E:\PROYECTOS\VEGA_BILLETERO\IGAME_DE_VEGA\RAM_PORTS.h" Line 70(27,34): Variable never used:   DUMY1RX
>>> Warning 202 "E:\PROYECTOS\VEGA_BILLETERO\IGAME_DE_VEGA\RAM_PORTS.h" Line 70(42,44): Variable never used:   im
>>> Warning 202 "E:\PROYECTOS\VEGA_BILLETERO\IGAME_DE_VEGA\RAM_PORTS.h" Line 70(51,55): Variable never used:   SUMA
>>> Warning 202 "E:\PROYECTOS\VEGA_BILLETERO\IGAME_DE_VEGA\RAM_PORTS.h" Line 70(63,69): Variable never used:   PARITY
>>> Warning 202 "E:\PROYECTOS\VEGA_BILLETERO\IGAME_DE_VEGA\RAM_PORTS.h" Line 91(8,18): Variable never used:   CARGA_UTIL
>>> Warning 202 "E:\PROYECTOS\VEGA_BILLETERO\IGAME_DE_VEGA\RAM_PORTS.h" Line 91(27,34): Variable never used:   DUMY2RX
>>> Warning 202 "E:\PROYECTOS\VEGA_BILLETERO\IGAME_DE_VEGA\RAM_PORTS.h" Line 91(42,44): Variable never used:   im
>>> Warning 202 "E:\PROYECTOS\VEGA_BILLETERO\IGAME_DE_VEGA\RAM_PORTS.h" Line 91(51,55): Variable never used:   SUMA
>>> Warning 202 "E:\PROYECTOS\VEGA_BILLETERO\IGAME_DE_VEGA\RAM_PORTS.h" Line 91(63,69): Variable never used:   PARITY
>>> Warning 202 "E:\PROYECTOS\VEGA_BILLETERO\IGAME_DE_VEGA\ID024.h" Line 9(7,23): Variable never used:   FLAG_IDO24_RIDLE
>>> Warning 202 "E:\PROYECTOS\VEGA_BILLETERO\IGAME_DE_VEGA\ID024.h" Line 10(7,19): Variable never used:   REBOTE_RIDLE
>>> Warning 202 "E:\PROYECTOS\VEGA_BILLETERO\IGAME_DE_VEGA\ID024.h" Line 11(7,22): Variable never used:   HISTORIAL_RIDLE
>>> Warning 202 "E:\PROYECTOS\VEGA_BILLETERO\IGAME_DE_VEGA\ID024.h" Line 20(7,22): Variable never used:   VIENE_BILLETE_A
>>> Warning 202 "E:\PROYECTOS\VEGA_BILLETERO\IGAME_DE_VEGA\ID024.h" Line 21(7,22): Variable never used:   VIENE_BILLETE_B
>>> Warning 202 "E:\PROYECTOS\VEGA_BILLETERO\IGAME_DE_VEGA\ID024.h" Line 32(20,31): Variable never used:   RESET_ID024
>>> Warning 202 "E:\PROYECTOS\VEGA_BILLETERO\IGAME_DE_VEGA\ID024.h" Line 33(20,36): Variable never used:   CMD1_INICIALIZAR
>>> Warning 202 "E:\PROYECTOS\VEGA_BILLETERO\IGAME_DE_VEGA\ID024.h" Line 34(20,36): Variable never used:   CMD2_INICIALIZAR
>>> Warning 202 "E:\PROYECTOS\VEGA_BILLETERO\IGAME_DE_VEGA\ID024.h" Line 35(20,36): Variable never used:   CMD3_INICIALIZAR
>>> Warning 202 "E:\PROYECTOS\VEGA_BILLETERO\IGAME_DE_VEGA\ID024.h" Line 36(20,36): Variable never used:   CMD4_INICIALIZAR
>>> Warning 202 "E:\PROYECTOS\VEGA_BILLETERO\IGAME_DE_VEGA\ID024.h" Line 37(20,36): Variable never used:   CMD5_INICIALIZAR
>>> Warning 202 "E:\PROYECTOS\VEGA_BILLETERO\IGAME_DE_VEGA\ID024.h" Line 38(20,36): Variable never used:   CMD6_INICIALIZAR
>>> Warning 202 "E:\PROYECTOS\VEGA_BILLETERO\IGAME_DE_VEGA\ID024.h" Line 46(20,37): Variable never used:   TRAMA_ORDEN_RESET
>>> Warning 202 "E:\PROYECTOS\VEGA_BILLETERO\IGAME_DE_VEGA\ID024.h" Line 156(7,9): Variable never used:   ML
>>> Warning 202 "E:\PROYECTOS\VEGA_BILLETERO\IGAME_DE_VEGA\ID024.h" Line 232(7,9): Variable never used:   ML
>>> Warning 202 "E:\PROYECTOS\VEGA_BILLETERO\IGAME_DE_VEGA\ID024.h" Line 232(48,50): Variable never used:   jk
>>> Warning 202 "E:\PROYECTOS\VEGA_BILLETERO\IGAME_DE_VEGA\ID024.h" Line 420(7,9): Variable never used:   ML
>>> Warning 202 "E:\PROYECTOS\VEGA_BILLETERO\IGAME_DE_VEGA\ID003.h" Line 15(15,20): Variable never used:   ID_CK
>>> Warning 202 "E:\PROYECTOS\VEGA_BILLETERO\IGAME_DE_VEGA\ID003.h" Line 16(7,10): Variable never used:   klp
>>> Warning 202 "E:\PROYECTOS\VEGA_BILLETERO\IGAME_DE_VEGA\ID003.h" Line 30(31,39): Variable never used:   TRAMA_B5
>>> Warning 202 "E:\PROYECTOS\VEGA_BILLETERO\IGAME_DE_VEGA\ID003.h" Line 31(31,40): Variable never used:   TRAMA_B10
>>> Warning 202 "E:\PROYECTOS\VEGA_BILLETERO\IGAME_DE_VEGA\ID003.h" Line 32(31,40): Variable never used:   TRAMA_B20
>>> Warning 202 "E:\PROYECTOS\VEGA_BILLETERO\IGAME_DE_VEGA\ID003.h" Line 33(31,40): Variable never used:   TRAMA_B50
>>> Warning 202 "E:\PROYECTOS\VEGA_BILLETERO\IGAME_DE_VEGA\ID003.h" Line 35(31,40): Variable never used:   ESTAKANDO
>>> Warning 202 "E:\PROYECTOS\VEGA_BILLETERO\IGAME_DE_VEGA\ID003.h" Line 37(31,39): Variable never used:   GUARDADO
>>> Warning 202 "E:\PROYECTOS\VEGA_BILLETERO\IGAME_DE_VEGA\ID003.h" Line 38(31,41): Variable never used:   RETENIENDO
>>> Warning 202 "E:\PROYECTOS\VEGA_BILLETERO\IGAME_DE_VEGA\ID003.h" Line 40(31,40): Variable never used:   BILL_DESC
>>> Warning 202 "E:\PROYECTOS\VEGA_BILLETERO\IGAME_DE_VEGA\ID003.h" Line 45(27,38): Variable never used:   INITIALIZER
>>> Warning 202 "TRAINING_4.c" Line 133(7,12): Variable never used:   MOLEX
      Memory usage:   ROM=33%      RAM=5% - 5%
      0 Errors,  58 Warnings.
